<?xml version="1.0" encoding="UTF-8"?>
<!-- Generated by org.testng.reporters.JUnitReportReporter -->
<testsuite hostname="Naveens-MacBook-Pro-2.local" failures="0" tests="1" name="day26.SampleTests" time="0.006" errors="0" timestamp="2024-04-07T08:46:30 BST" skipped="0">
  <testcase classname="day26.SampleTests" name="homePage" time="0.006"/>
</testsuite> <!-- day26.SampleTests -->
