<?xml version="1.0" encoding="UTF-8"?>
<!-- Generated by org.testng.reporters.JUnitReportReporter -->
<testsuite hostname="Naveens-MacBook-Pro-2.local" failures="0" tests="5" name="day26.Demo4" time="0.011" errors="0" timestamp="2024-04-07T09:36:41 BST" skipped="0">
  <testcase classname="day26.Demo4" name="m3" time="0.007"/>
  <testcase classname="day26.Demo4" name="m4" time="0.001"/>
  <testcase classname="day26.Demo4" name="m1" time="0.001"/>
  <testcase classname="day26.Demo4" name="m2" time="0.001"/>
  <testcase classname="day26.Demo4" name="m5" time="0.001"/>
</testsuite> <!-- day26.Demo4 -->
