<?xml version="1.0" encoding="UTF-8"?>
<!-- Generated by org.testng.reporters.JUnitReportReporter -->
<testsuite hostname="Naveens-MacBook-Pro-2.local" failures="0" tests="1" name="day26.Demo5" time="0.010" errors="0" timestamp="2024-04-07T09:52:05 BST" skipped="0">
  <testcase classname="day26.Demo5" name="m1" time="0.010"/>
</testsuite> <!-- day26.Demo5 -->
