<?xml version="1.0" encoding="UTF-8"?>
<!-- Generated by org.testng.reporters.JUnitReportReporter -->
<testsuite hostname="Naveens-MacBook-Pro-2.local" failures="0" tests="1" name="demo.banking.carloan.OldCar" time="0.005" errors="0" timestamp="2024-04-07T09:18:18 BST" skipped="0">
  <testcase classname="demo.banking.carloan.OldCar" name="registration" time="0.005"/>
</testsuite> <!-- demo.banking.carloan.OldCar -->
