<?xml version="1.0" encoding="UTF-8"?>
<!-- Generated by org.testng.reporters.JUnitReportReporter -->
<testsuite hostname="Naveens-MacBook-Pro-2.local" failures="0" tests="1" name="loan.carloan.newcar.Registration" time="0.002" errors="0" timestamp="2024-04-06T09:43:29 BST" skipped="0">
  <testcase classname="loan.carloan.newcar.Registration" name="apiRegistration" time="0.002"/>
</testsuite> <!-- loan.carloan.newcar.Registration -->
