<?xml version="1.0" encoding="UTF-8"?>
<!-- Generated by org.testng.reporters.JUnitReportReporter -->
<testsuite hostname="Naveens-MacBook-Pro-2.local" failures="0" tests="1" name="day26.Demo2" time="0.001" errors="0" timestamp="2024-04-07T09:33:04 BST" skipped="0">
  <testcase classname="day26.Demo2" name="homePage2" time="0.001"/>
</testsuite> <!-- day26.Demo2 -->
