<?xml version="1.0" encoding="UTF-8"?>
<!-- Generated by org.testng.reporters.JUnitReportReporter -->
<testsuite hostname="Naveens-MacBook-Pro-2.local" failures="0" tests="3" name="loan.houseloan.newhouse.Registration" time="0.003" errors="0" timestamp="2024-04-06T09:43:29 BST" skipped="0">
  <testcase classname="loan.houseloan.newhouse.Registration" name="webRegistration" time="0.001"/>
  <testcase classname="loan.houseloan.newhouse.Registration" name="apiRegistration" time="0.001"/>
  <testcase classname="loan.houseloan.newhouse.Registration" name="mobileRegistration" time="0.001"/>
</testsuite> <!-- loan.houseloan.newhouse.Registration -->
