<?xml version="1.0" encoding="UTF-8"?>
<!-- Generated by org.testng.reporters.JUnitReportReporter -->
<testsuite hostname="Naveens-MacBook-Pro-2.local" failures="0" tests="2" name="loan.Loan" time="0.010" errors="0" timestamp="2024-04-06T08:58:13 BST" skipped="0">
  <testcase classname="loan.Loan" name="Test2" time="0.001"/>
  <testcase classname="loan.Loan" name="Test1" time="0.009"/>
</testsuite> <!-- loan.Loan -->
