<?xml version="1.0" encoding="UTF-8"?>
<!-- Generated by org.testng.reporters.JUnitReportReporter -->
<testsuite hostname="Naveens-MacBook-Pro-2.local" failures="0" tests="2" name="loan.carloan.oldcar.Registration" time="0.010" errors="0" timestamp="2024-04-06T09:43:29 BST" skipped="0">
  <testcase classname="loan.carloan.oldcar.Registration" name="mobileRegistration" time="0.009"/>
  <testcase classname="loan.carloan.oldcar.Registration" name="webRegistration" time="0.001"/>
</testsuite> <!-- loan.carloan.oldcar.Registration -->
